============================= test session starts ==============================
platform darwin -- Python 3.13.11, pytest-9.1.1, pluggy-1.6.0 -- /Users/wangziheng/Desktop/LAMDA云控系统_代码交接包_20260901/cloudctl-source/.venv/bin/python
cachedir: .pytest_cache
rootdir: /Users/wangziheng/Desktop/LAMDA云控系统_代码交接包_20260901/cloudctl-source
configfile: pyproject.toml
plugins: cov-7.1.0, asyncio-1.4.0, anyio-4.14.2
asyncio: mode=Mode.AUTO, debug=False, asyncio_default_fixture_loop_scope=None, asyncio_default_test_loop_scope=function
collecting ... collected 6 items

tests/integration/test_source_sync.py::TestSourceSync::test_sync_product_first_run PASSED [ 16%]
tests/integration/test_source_sync.py::TestSourceSync::test_sync_product_idempotent PASSED [ 33%]
tests/integration/test_source_sync.py::TestSourceSync::test_sync_product_update_detection PASSED [ 50%]
tests/integration/test_source_sync.py::TestSourceSync::test_sync_media_with_download PASSED [ 66%]
tests/integration/test_source_sync.py::TestSourceSync::test_sync_validation_errors PASSED [ 83%]
tests/integration/test_source_sync.py::TestSourceSync::test_sync_cursor_persistence PASSED [100%]

======================== 6 passed in 121.28s (0:02:01) =========================
