============================= test session starts ==============================
platform darwin -- Python 3.13.11, pytest-9.1.1, pluggy-1.6.0 -- /Users/wangziheng/Desktop/LAMDA云控系统_代码交接包_20260901/cloudctl-source/.venv/bin/python
cachedir: .pytest_cache
rootdir: /Users/wangziheng/Desktop/LAMDA云控系统_代码交接包_20260901/cloudctl-source
configfile: pyproject.toml
plugins: cov-7.1.0, asyncio-1.4.0, anyio-4.14.2
asyncio: mode=Mode.AUTO, debug=False, asyncio_default_fixture_loop_scope=None, asyncio_default_test_loop_scope=function
collecting ... collected 15 items

tests/integration/test_source_connections.py::TestCSVFileConnector::test_csv_product_connector_test_connection PASSED [  6%]
tests/integration/test_source_connections.py::TestCSVFileConnector::test_csv_connector_missing_file PASSED [ 13%]
tests/integration/test_source_connections.py::TestCSVFileConnector::test_csv_read_page_products PASSED [ 20%]
tests/integration/test_source_connections.py::TestCSVFileConnector::test_csv_normalize_product_valid PASSED [ 26%]
tests/integration/test_source_connections.py::TestCSVFileConnector::test_csv_normalize_product_missing_required PASSED [ 33%]
tests/integration/test_source_connections.py::TestCSVFileConnector::test_csv_normalize_product_invalid_price PASSED [ 40%]
tests/integration/test_source_connections.py::TestCSVFileConnector::test_csv_media_connector PASSED [ 46%]
tests/integration/test_source_connections.py::TestCSVFileConnector::test_csv_normalize_media_valid PASSED [ 53%]
tests/integration/test_source_connections.py::TestCSVFileConnector::test_csv_normalize_media_invalid_sha256 PASSED [ 60%]
tests/integration/test_source_connections.py::TestSourceConnectorFactory::test_create_csv_connector PASSED [ 66%]
tests/integration/test_source_connections.py::TestSourceConnectorFactory::test_create_unsupported_connector PASSED [ 73%]
tests/integration/test_source_connections.py::TestSourcePreview::test_preview_product_source_success PASSED [ 80%]
tests/integration/test_source_connections.py::TestSourcePreview::test_preview_media_source_success PASSED [ 86%]
tests/integration/test_source_connections.py::TestSourcePreview::test_preview_connection_failure PASSED [ 93%]
tests/integration/test_source_connections.py::TestSourcePreview::test_preview_tenant_isolation PASSED [100%]

============================== 15 passed in 0.86s ==============================
